Build started 10/27/2019 12:15:29 AM.
     1>Project "E:\prog\analogSimulator\analogSimulator\analogSimulator.vcxproj" on node 2 (Build target(s)).
     1>ClCompile:
         C:\Program Files (x86)\Microsoft Visual Studio 12.0\VC\bin\CL.exe /c /ZI /nologo /W3 /WX- /sdl /Od /Oy- /D WIN32 /D _DEBUG /D _CONSOLE /D _LIB /D _UNICODE /D UNICODE /Gm /EHsc /RTC1 /MDd /GS /fp:precise /Zc:wchar_t /Zc:forScope /Fo"Debug\\" /Fd"Debug\vc120.pdb" /Gd /TP /analyze- /errorReport:prompt Module.cpp Source.cpp
         Source.cpp
         Module.cpp
     1>e:\prog\analogsimulator\analogsimulator\module.cpp(55): warning C4018: '<' : signed/unsigned mismatch
     1>e:\prog\analogsimulator\analogsimulator\module.cpp(67): warning C4018: '<' : signed/unsigned mismatch
     1>e:\prog\analogsimulator\analogsimulator\module.cpp(83): warning C4018: '<' : signed/unsigned mismatch
     1>e:\prog\analogsimulator\analogsimulator\module.cpp(105): warning C4018: '<' : signed/unsigned mismatch
     1>e:\prog\analogsimulator\analogsimulator\module.cpp(142): warning C4018: '<' : signed/unsigned mismatch
     1>e:\prog\analogsimulator\analogsimulator\module.cpp(156): warning C4018: '<' : signed/unsigned mismatch
     1>e:\prog\analogsimulator\analogsimulator\module.cpp(180): warning C4018: '<' : signed/unsigned mismatch
     1>e:\prog\analogsimulator\analogsimulator\module.cpp(213): warning C4018: '<' : signed/unsigned mismatch
     1>e:\prog\analogsimulator\analogsimulator\module.cpp(238): warning C4018: '<' : signed/unsigned mismatch
     1>e:\prog\analogsimulator\analogsimulator\module.cpp(244): warning C4018: '<' : signed/unsigned mismatch
         Generating Code...
     1>e:\prog\analogsimulator\analogsimulator\module.cpp(50): warning C4715: 'Module::extractName' : not all control paths return a value
     1>e:\prog\analogsimulator\analogsimulator\module.cpp(149): warning C4715: 'Module::FindNodeName' : not all control paths return a value
       Link:
         C:\Program Files (x86)\Microsoft Visual Studio 12.0\VC\bin\link.exe /ERRORREPORT:PROMPT /OUT:"E:\prog\analogSimulator\Debug\analogSimulator.exe" /INCREMENTAL /NOLOGO kernel32.lib user32.lib gdi32.lib winspool.lib comdlg32.lib advapi32.lib shell32.lib ole32.lib oleaut32.lib uuid.lib odbc32.lib odbccp32.lib /MANIFEST /MANIFESTUAC:"level='asInvoker' uiAccess='false'" /manifest:embed /DEBUG /PDB:"E:\prog\analogSimulator\Debug\analogSimulator.pdb" /SUBSYSTEM:CONSOLE /TLBID:1 /DYNAMICBASE /NXCOMPAT /IMPLIB:"E:\prog\analogSimulator\Debug\analogSimulator.lib" /MACHINE:X86 Debug\AND.obj
         Debug\DynamicGates.obj
         Debug\DynamicNodes.obj
         Debug\Gate.obj
         Debug\Module.obj
         Debug\NAND.obj
         Debug\Node.obj
         Debug\OR.obj
         Debug\Source.obj
         Debug\XOR.obj
         analogSimulator.vcxproj -> E:\prog\analogSimulator\Debug\analogSimulator.exe
     1>Done Building Project "E:\prog\analogSimulator\analogSimulator\analogSimulator.vcxproj" (Build target(s)).

Build succeeded.

Time Elapsed 00:00:02.12
